<?xml version="1.0" encoding="UTF-8"?>
<!-- Generated by org.testng.reporters.JUnitReportReporter -->
<testsuite skipped="0" hostname="DESKTOP-91B7HJ8" name="test.LoginTest" tests="1" failures="0" timestamp="14 Jun 2019 21:44:21 GMT" time="6.113" errors="0">
  <testcase name="loginTest" time="6.113" classname="test.LoginTest"/>
</testsuite> <!-- test.LoginTest -->
